TN:
SF:src\modules\Account\services\AccountService.ts
FN:23,(anonymous_11)
FN:28,(anonymous_12)
FN:33,(anonymous_14)
FN:46,(anonymous_15)
FN:67,(anonymous_17)
FN:72,(anonymous_19)
FN:97,(anonymous_20)
FNF:7
FNH:0
FNDA:0,(anonymous_11)
FNDA:0,(anonymous_12)
FNDA:0,(anonymous_14)
FNDA:0,(anonymous_15)
FNDA:0,(anonymous_17)
FNDA:0,(anonymous_19)
FNDA:0,(anonymous_20)
DA:1,0
DA:22,0
DA:25,0
DA:31,0
DA:33,0
DA:34,0
DA:35,0
DA:39,0
DA:43,0
DA:48,0
DA:49,0
DA:52,0
DA:53,0
DA:56,0
DA:57,0
DA:60,0
DA:61,0
DA:64,0
DA:70,0
DA:72,0
DA:73,0
DA:74,0
DA:78,0
DA:80,0
DA:81,0
DA:84,0
DA:85,0
DA:88,0
DA:89,0
DA:90,0
DA:92,0
DA:94,0
DA:98,0
DA:100,0
DA:101,0
DA:104,0
DA:105,0
DA:108,0
DA:110,0
LF:39
LH:0
BRDA:34,0,0,0
BRDA:34,1,0,0
BRDA:34,1,1,0
BRDA:48,2,0,0
BRDA:52,3,0,0
BRDA:56,4,0,0
BRDA:60,5,0,0
BRDA:73,6,0,0
BRDA:73,7,0,0
BRDA:73,7,1,0
BRDA:80,8,0,0
BRDA:84,9,0,0
BRDA:88,10,0,0
BRDA:88,11,0,0
BRDA:88,11,1,0
BRDA:89,12,0,0
BRDA:89,13,0,0
BRDA:89,13,1,0
BRDA:90,14,0,0
BRDA:90,15,0,0
BRDA:90,15,1,0
BRDA:100,16,0,0
BRDA:104,17,0,0
BRF:23
BRH:0
end_of_record
TN:
SF:src\modules\Expense\services\ExpenseService.ts
FN:25,(anonymous_11)
FN:30,(anonymous_12)
FN:35,(anonymous_14)
FN:48,(anonymous_15)
FN:80,(anonymous_17)
FN:85,(anonymous_19)
FN:110,(anonymous_20)
FNF:7
FNH:0
FNDA:0,(anonymous_11)
FNDA:0,(anonymous_12)
FNDA:0,(anonymous_14)
FNDA:0,(anonymous_15)
FNDA:0,(anonymous_17)
FNDA:0,(anonymous_19)
FNDA:0,(anonymous_20)
DA:1,0
DA:24,0
DA:27,0
DA:33,0
DA:35,0
DA:36,0
DA:37,0
DA:41,0
DA:45,0
DA:53,0
DA:54,0
DA:57,0
DA:58,0
DA:61,0
DA:62,0
DA:65,0
DA:66,0
DA:69,0
DA:70,0
DA:73,0
DA:74,0
DA:77,0
DA:83,0
DA:85,0
DA:86,0
DA:87,0
DA:91,0
DA:93,0
DA:94,0
DA:97,0
DA:98,0
DA:101,0
DA:102,0
DA:103,0
DA:105,0
DA:107,0
DA:111,0
DA:113,0
DA:114,0
DA:117,0
DA:118,0
DA:121,0
DA:123,0
LF:43
LH:0
BRDA:36,0,0,0
BRDA:36,1,0,0
BRDA:36,1,1,0
BRDA:53,2,0,0
BRDA:57,3,0,0
BRDA:61,4,0,0
BRDA:65,5,0,0
BRDA:69,6,0,0
BRDA:73,7,0,0
BRDA:86,8,0,0
BRDA:86,9,0,0
BRDA:86,9,1,0
BRDA:93,10,0,0
BRDA:97,11,0,0
BRDA:101,12,0,0
BRDA:101,13,0,0
BRDA:101,13,1,0
BRDA:102,14,0,0
BRDA:102,15,0,0
BRDA:102,15,1,0
BRDA:103,16,0,0
BRDA:103,17,0,0
BRDA:103,17,1,0
BRDA:113,18,0,0
BRDA:117,19,0,0
BRF:25
BRH:0
end_of_record
TN:
SF:src\modules\Friend\services\FriendService.ts
FN:23,(anonymous_11)
FN:28,(anonymous_12)
FN:33,(anonymous_14)
FN:50,(anonymous_15)
FN:77,(anonymous_17)
FN:82,(anonymous_19)
FN:111,(anonymous_20)
FNF:7
FNH:0
FNDA:0,(anonymous_11)
FNDA:0,(anonymous_12)
FNDA:0,(anonymous_14)
FNDA:0,(anonymous_15)
FNDA:0,(anonymous_17)
FNDA:0,(anonymous_19)
FNDA:0,(anonymous_20)
DA:1,0
DA:22,0
DA:25,0
DA:31,0
DA:33,0
DA:34,0
DA:35,0
DA:38,0
DA:39,0
DA:43,0
DA:47,0
DA:54,0
DA:55,0
DA:58,0
DA:59,0
DA:62,0
DA:63,0
DA:66,0
DA:67,0
DA:70,0
DA:71,0
DA:74,0
DA:80,0
DA:82,0
DA:83,0
DA:84,0
DA:87,0
DA:88,0
DA:92,0
DA:94,0
DA:95,0
DA:98,0
DA:99,0
DA:102,0
DA:103,0
DA:104,0
DA:106,0
DA:108,0
DA:112,0
DA:114,0
DA:115,0
DA:118,0
DA:119,0
DA:122,0
DA:124,0
LF:45
LH:0
BRDA:34,0,0,0
BRDA:34,1,0,0
BRDA:34,1,1,0
BRDA:34,1,2,0
BRDA:38,2,0,0
BRDA:54,3,0,0
BRDA:58,4,0,0
BRDA:62,5,0,0
BRDA:66,6,0,0
BRDA:70,7,0,0
BRDA:83,8,0,0
BRDA:83,9,0,0
BRDA:83,9,1,0
BRDA:83,9,2,0
BRDA:87,10,0,0
BRDA:94,11,0,0
BRDA:98,12,0,0
BRDA:102,13,0,0
BRDA:102,14,0,0
BRDA:102,14,1,0
BRDA:103,15,0,0
BRDA:103,16,0,0
BRDA:103,16,1,0
BRDA:104,17,0,0
BRDA:104,18,0,0
BRDA:104,18,1,0
BRDA:114,19,0,0
BRDA:118,20,0,0
BRF:28
BRH:0
end_of_record
TN:
SF:src\modules\User\services\UserService.ts
FN:28,(anonymous_12)
FN:33,(anonymous_13)
FN:56,(anonymous_15)
FN:70,(anonymous_17)
FNF:4
FNH:4
FNDA:8,(anonymous_12)
FNDA:3,(anonymous_13)
FNDA:10,(anonymous_15)
FNDA:3,(anonymous_17)
DA:1,1
DA:2,1
DA:3,1
DA:4,1
DA:27,1
DA:30,8
DA:34,3
DA:35,3
DA:36,1
DA:39,2
DA:40,2
DA:41,1
DA:44,1
DA:45,1
DA:50,1
DA:57,10
DA:58,10
DA:60,9
DA:61,9
DA:67,9
DA:73,3
DA:74,3
DA:76,2
DA:77,2
DA:78,1
DA:81,1
DA:82,1
DA:83,1
DA:84,1
DA:85,1
DA:86,1
DA:87,1
DA:91,1
DA:93,1
LF:34
LH:34
BRDA:35,0,0,1
BRDA:40,1,0,1
BRDA:58,2,0,1
BRDA:74,3,0,1
BRDA:77,4,0,1
BRDA:81,5,0,1
BRDA:81,6,0,1
BRDA:81,6,1,1
BRDA:82,7,0,1
BRDA:82,8,0,1
BRDA:82,8,1,1
BRDA:83,9,0,1
BRDA:85,10,0,1
BRF:13
BRH:13
end_of_record
